[0.986s] Invoking command in '/home/sarthak/Documents/ros2_ws/src/my_robot_controller': PYTHONPATH=/home/sarthak/Documents/ros2_ws/build/my_robot_controller/prefix_override:/home/sarthak/Documents/ros2_ws/install/my_robot_controller/lib/python3.10/site-packages:${PYTHONPATH} /usr/bin/python3 setup.py egg_info --egg-base ../../build/my_robot_controller build --build-base /home/sarthak/Documents/ros2_ws/build/my_robot_controller/build install --record /home/sarthak/Documents/ros2_ws/build/my_robot_controller/install.log --single-version-externally-managed
[1.184s] running egg_info
[1.184s] writing ../../build/my_robot_controller/my_robot_controller.egg-info/PKG-INFO
[1.185s] writing dependency_links to ../../build/my_robot_controller/my_robot_controller.egg-info/dependency_links.txt
[1.185s] writing entry points to ../../build/my_robot_controller/my_robot_controller.egg-info/entry_points.txt
[1.185s] writing requirements to ../../build/my_robot_controller/my_robot_controller.egg-info/requires.txt
[1.185s] writing top-level names to ../../build/my_robot_controller/my_robot_controller.egg-info/top_level.txt
[1.187s] reading manifest file '../../build/my_robot_controller/my_robot_controller.egg-info/SOURCES.txt'
[1.188s] writing manifest file '../../build/my_robot_controller/my_robot_controller.egg-info/SOURCES.txt'
[1.188s] running build
[1.188s] running build_py
[1.188s] copying my_robot_controller/my_first_node.py -> /home/sarthak/Documents/ros2_ws/build/my_robot_controller/build/lib/my_robot_controller
[1.189s] running install
[1.189s] running install_lib
[1.189s] copying /home/sarthak/Documents/ros2_ws/build/my_robot_controller/build/lib/my_robot_controller/my_first_node.py -> /home/sarthak/Documents/ros2_ws/install/my_robot_controller/lib/python3.10/site-packages/my_robot_controller
[1.189s] byte-compiling /home/sarthak/Documents/ros2_ws/install/my_robot_controller/lib/python3.10/site-packages/my_robot_controller/my_first_node.py to my_first_node.cpython-310.pyc
[1.190s] running install_data
[1.190s] running install_egg_info
[1.191s] removing '/home/sarthak/Documents/ros2_ws/install/my_robot_controller/lib/python3.10/site-packages/my_robot_controller-0.0.0-py3.10.egg-info' (and everything under it)
[1.193s] Copying ../../build/my_robot_controller/my_robot_controller.egg-info to /home/sarthak/Documents/ros2_ws/install/my_robot_controller/lib/python3.10/site-packages/my_robot_controller-0.0.0-py3.10.egg-info
[1.194s] running install_scripts
[1.207s] writing list of installed files to '/home/sarthak/Documents/ros2_ws/build/my_robot_controller/install.log'
[1.227s] Invoked command in '/home/sarthak/Documents/ros2_ws/src/my_robot_controller' returned '0': PYTHONPATH=/home/sarthak/Documents/ros2_ws/build/my_robot_controller/prefix_override:/home/sarthak/Documents/ros2_ws/install/my_robot_controller/lib/python3.10/site-packages:${PYTHONPATH} /usr/bin/python3 setup.py egg_info --egg-base ../../build/my_robot_controller build --build-base /home/sarthak/Documents/ros2_ws/build/my_robot_controller/build install --record /home/sarthak/Documents/ros2_ws/build/my_robot_controller/install.log --single-version-externally-managed
