[0.741s] Invoking command in '/home/sarthak/Documents/ros2_ws/build/my_robot_controller': PYTHONPATH=/home/sarthak/Documents/ros2_ws/build/my_robot_controller/prefix_override:/home/sarthak/Documents/ros2_ws/install/my_robot_controller/lib/python3.10/site-packages:${PYTHONPATH} /usr/bin/python3 setup.py develop --uninstall --editable --build-directory /home/sarthak/Documents/ros2_ws/build/my_robot_controller/build
[0.902s] running develop
[0.988s] Removing /home/sarthak/Documents/ros2_ws/install/my_robot_controller/lib/python3.10/site-packages/my-robot-controller.egg-link (link to .)
[1.006s] Invoked command in '/home/sarthak/Documents/ros2_ws/build/my_robot_controller' returned '0': PYTHONPATH=/home/sarthak/Documents/ros2_ws/build/my_robot_controller/prefix_override:/home/sarthak/Documents/ros2_ws/install/my_robot_controller/lib/python3.10/site-packages:${PYTHONPATH} /usr/bin/python3 setup.py develop --uninstall --editable --build-directory /home/sarthak/Documents/ros2_ws/build/my_robot_controller/build
[1.008s] Invoking command in '/home/sarthak/Documents/ros2_ws/src/my_robot_controller': PYTHONPATH=/home/sarthak/Documents/ros2_ws/build/my_robot_controller/prefix_override:/home/sarthak/Documents/ros2_ws/install/my_robot_controller/lib/python3.10/site-packages:${PYTHONPATH} /usr/bin/python3 setup.py egg_info --egg-base ../../build/my_robot_controller build --build-base /home/sarthak/Documents/ros2_ws/build/my_robot_controller/build install --record /home/sarthak/Documents/ros2_ws/build/my_robot_controller/install.log --single-version-externally-managed
[1.139s] running egg_info
[1.139s] writing ../../build/my_robot_controller/my_robot_controller.egg-info/PKG-INFO
[1.140s] writing dependency_links to ../../build/my_robot_controller/my_robot_controller.egg-info/dependency_links.txt
[1.140s] writing entry points to ../../build/my_robot_controller/my_robot_controller.egg-info/entry_points.txt
[1.140s] writing requirements to ../../build/my_robot_controller/my_robot_controller.egg-info/requires.txt
[1.140s] writing top-level names to ../../build/my_robot_controller/my_robot_controller.egg-info/top_level.txt
[1.142s] reading manifest file '../../build/my_robot_controller/my_robot_controller.egg-info/SOURCES.txt'
[1.143s] writing manifest file '../../build/my_robot_controller/my_robot_controller.egg-info/SOURCES.txt'
[1.143s] running build
[1.143s] running build_py
[1.143s] copying my_robot_controller/drawCircle.py -> /home/sarthak/Documents/ros2_ws/build/my_robot_controller/build/lib/my_robot_controller
[1.144s] copying my_robot_controller/my_first_node.py -> /home/sarthak/Documents/ros2_ws/build/my_robot_controller/build/lib/my_robot_controller
[1.144s] running install
[1.144s] running install_lib
[1.145s] creating /home/sarthak/Documents/ros2_ws/install/my_robot_controller/lib/python3.10/site-packages/my_robot_controller
[1.145s] copying /home/sarthak/Documents/ros2_ws/build/my_robot_controller/build/lib/my_robot_controller/__init__.py -> /home/sarthak/Documents/ros2_ws/install/my_robot_controller/lib/python3.10/site-packages/my_robot_controller
[1.145s] copying /home/sarthak/Documents/ros2_ws/build/my_robot_controller/build/lib/my_robot_controller/drawCircle.py -> /home/sarthak/Documents/ros2_ws/install/my_robot_controller/lib/python3.10/site-packages/my_robot_controller
[1.145s] copying /home/sarthak/Documents/ros2_ws/build/my_robot_controller/build/lib/my_robot_controller/my_first_node.py -> /home/sarthak/Documents/ros2_ws/install/my_robot_controller/lib/python3.10/site-packages/my_robot_controller
[1.145s] byte-compiling /home/sarthak/Documents/ros2_ws/install/my_robot_controller/lib/python3.10/site-packages/my_robot_controller/__init__.py to __init__.cpython-310.pyc
[1.146s] byte-compiling /home/sarthak/Documents/ros2_ws/install/my_robot_controller/lib/python3.10/site-packages/my_robot_controller/drawCircle.py to drawCircle.cpython-310.pyc
[1.146s] byte-compiling /home/sarthak/Documents/ros2_ws/install/my_robot_controller/lib/python3.10/site-packages/my_robot_controller/my_first_node.py to my_first_node.cpython-310.pyc
[1.147s] running install_data
[1.147s] copying package.xml -> /home/sarthak/Documents/ros2_ws/install/my_robot_controller/share/my_robot_controller
[1.147s] running install_egg_info
[1.148s] Copying ../../build/my_robot_controller/my_robot_controller.egg-info to /home/sarthak/Documents/ros2_ws/install/my_robot_controller/lib/python3.10/site-packages/my_robot_controller-0.0.0-py3.10.egg-info
[1.149s] running install_scripts
[1.160s] Installing my_first_node script to /home/sarthak/Documents/ros2_ws/install/my_robot_controller/lib/my_robot_controller
[1.160s] writing list of installed files to '/home/sarthak/Documents/ros2_ws/build/my_robot_controller/install.log'
[1.177s] Invoked command in '/home/sarthak/Documents/ros2_ws/src/my_robot_controller' returned '0': PYTHONPATH=/home/sarthak/Documents/ros2_ws/build/my_robot_controller/prefix_override:/home/sarthak/Documents/ros2_ws/install/my_robot_controller/lib/python3.10/site-packages:${PYTHONPATH} /usr/bin/python3 setup.py egg_info --egg-base ../../build/my_robot_controller build --build-base /home/sarthak/Documents/ros2_ws/build/my_robot_controller/build install --record /home/sarthak/Documents/ros2_ws/build/my_robot_controller/install.log --single-version-externally-managed
