[0.456s] Invoking command in '/home/sarthak/Documents/ros2_ws/build/my_robot_controller': PYTHONPATH=/home/sarthak/Documents/ros2_ws/build/my_robot_controller/prefix_override:/home/sarthak/Documents/ros2_ws/install/my_robot_controller/lib/python3.10/site-packages:${PYTHONPATH} /usr/bin/python3 setup.py develop --uninstall --editable --build-directory /home/sarthak/Documents/ros2_ws/build/my_robot_controller/build
[0.603s] running develop
[0.690s] Removing /home/sarthak/Documents/ros2_ws/install/my_robot_controller/lib/python3.10/site-packages/my-robot-controller.egg-link (link to .)
[0.706s] Invoked command in '/home/sarthak/Documents/ros2_ws/build/my_robot_controller' returned '0': PYTHONPATH=/home/sarthak/Documents/ros2_ws/build/my_robot_controller/prefix_override:/home/sarthak/Documents/ros2_ws/install/my_robot_controller/lib/python3.10/site-packages:${PYTHONPATH} /usr/bin/python3 setup.py develop --uninstall --editable --build-directory /home/sarthak/Documents/ros2_ws/build/my_robot_controller/build
[0.708s] Invoking command in '/home/sarthak/Documents/ros2_ws/src/my_robot_controller': PYTHONPATH=/home/sarthak/Documents/ros2_ws/build/my_robot_controller/prefix_override:/home/sarthak/Documents/ros2_ws/install/my_robot_controller/lib/python3.10/site-packages:${PYTHONPATH} /usr/bin/python3 setup.py egg_info --egg-base ../../build/my_robot_controller build --build-base /home/sarthak/Documents/ros2_ws/build/my_robot_controller/build install --record /home/sarthak/Documents/ros2_ws/build/my_robot_controller/install.log --single-version-externally-managed
[0.847s] running egg_info
[0.847s] writing ../../build/my_robot_controller/my_robot_controller.egg-info/PKG-INFO
[0.847s] writing dependency_links to ../../build/my_robot_controller/my_robot_controller.egg-info/dependency_links.txt
[0.848s] writing entry points to ../../build/my_robot_controller/my_robot_controller.egg-info/entry_points.txt
[0.848s] writing requirements to ../../build/my_robot_controller/my_robot_controller.egg-info/requires.txt
[0.848s] writing top-level names to ../../build/my_robot_controller/my_robot_controller.egg-info/top_level.txt
[0.849s] reading manifest file '../../build/my_robot_controller/my_robot_controller.egg-info/SOURCES.txt'
[0.850s] writing manifest file '../../build/my_robot_controller/my_robot_controller.egg-info/SOURCES.txt'
[0.850s] running build
[0.850s] running build_py
[0.850s] copying my_robot_controller/turtel_controller.py -> /home/sarthak/Documents/ros2_ws/build/my_robot_controller/build/lib/my_robot_controller
[0.851s] copying my_robot_controller/pose_subcribe.py -> /home/sarthak/Documents/ros2_ws/build/my_robot_controller/build/lib/my_robot_controller
[0.851s] running install
[0.851s] running install_lib
[0.851s] creating /home/sarthak/Documents/ros2_ws/install/my_robot_controller/lib/python3.10/site-packages/my_robot_controller
[0.852s] copying /home/sarthak/Documents/ros2_ws/build/my_robot_controller/build/lib/my_robot_controller/__init__.py -> /home/sarthak/Documents/ros2_ws/install/my_robot_controller/lib/python3.10/site-packages/my_robot_controller
[0.852s] copying /home/sarthak/Documents/ros2_ws/build/my_robot_controller/build/lib/my_robot_controller/drawCircle.py -> /home/sarthak/Documents/ros2_ws/install/my_robot_controller/lib/python3.10/site-packages/my_robot_controller
[0.852s] copying /home/sarthak/Documents/ros2_ws/build/my_robot_controller/build/lib/my_robot_controller/turtel_controller.py -> /home/sarthak/Documents/ros2_ws/install/my_robot_controller/lib/python3.10/site-packages/my_robot_controller
[0.852s] copying /home/sarthak/Documents/ros2_ws/build/my_robot_controller/build/lib/my_robot_controller/my_first_node.py -> /home/sarthak/Documents/ros2_ws/install/my_robot_controller/lib/python3.10/site-packages/my_robot_controller
[0.852s] copying /home/sarthak/Documents/ros2_ws/build/my_robot_controller/build/lib/my_robot_controller/pose_subcribe.py -> /home/sarthak/Documents/ros2_ws/install/my_robot_controller/lib/python3.10/site-packages/my_robot_controller
[0.852s] byte-compiling /home/sarthak/Documents/ros2_ws/install/my_robot_controller/lib/python3.10/site-packages/my_robot_controller/__init__.py to __init__.cpython-310.pyc
[0.853s] byte-compiling /home/sarthak/Documents/ros2_ws/install/my_robot_controller/lib/python3.10/site-packages/my_robot_controller/drawCircle.py to drawCircle.cpython-310.pyc
[0.853s] byte-compiling /home/sarthak/Documents/ros2_ws/install/my_robot_controller/lib/python3.10/site-packages/my_robot_controller/turtel_controller.py to turtel_controller.cpython-310.pyc
[0.853s] byte-compiling /home/sarthak/Documents/ros2_ws/install/my_robot_controller/lib/python3.10/site-packages/my_robot_controller/my_first_node.py to my_first_node.cpython-310.pyc
[0.853s] byte-compiling /home/sarthak/Documents/ros2_ws/install/my_robot_controller/lib/python3.10/site-packages/my_robot_controller/pose_subcribe.py to pose_subcribe.cpython-310.pyc
[0.854s] running install_data
[0.854s] running install_egg_info
[0.855s] Copying ../../build/my_robot_controller/my_robot_controller.egg-info to /home/sarthak/Documents/ros2_ws/install/my_robot_controller/lib/python3.10/site-packages/my_robot_controller-0.0.0-py3.10.egg-info
[0.856s] running install_scripts
[0.869s] Installing draw_circle script to /home/sarthak/Documents/ros2_ws/install/my_robot_controller/lib/my_robot_controller
[0.869s] Installing my_first_node script to /home/sarthak/Documents/ros2_ws/install/my_robot_controller/lib/my_robot_controller
[0.870s] Installing pose_subcriber = my_robot_controller.pose_subcribe:mainturtel_controller script to /home/sarthak/Documents/ros2_ws/install/my_robot_controller/lib/my_robot_controller
[0.870s] writing list of installed files to '/home/sarthak/Documents/ros2_ws/build/my_robot_controller/install.log'
[0.884s] Invoked command in '/home/sarthak/Documents/ros2_ws/src/my_robot_controller' returned '0': PYTHONPATH=/home/sarthak/Documents/ros2_ws/build/my_robot_controller/prefix_override:/home/sarthak/Documents/ros2_ws/install/my_robot_controller/lib/python3.10/site-packages:${PYTHONPATH} /usr/bin/python3 setup.py egg_info --egg-base ../../build/my_robot_controller build --build-base /home/sarthak/Documents/ros2_ws/build/my_robot_controller/build install --record /home/sarthak/Documents/ros2_ws/build/my_robot_controller/install.log --single-version-externally-managed
