[0.458s] Invoking command in '/home/sarthak/Documents/ros2_ws/build/my_robot_controller': PYTHONPATH=/home/sarthak/Documents/ros2_ws/build/my_robot_controller/prefix_override:/home/sarthak/Documents/ros2_ws/install/my_robot_controller/lib/python3.10/site-packages:${PYTHONPATH} /usr/bin/python3 setup.py develop --editable --build-directory /home/sarthak/Documents/ros2_ws/build/my_robot_controller/build --no-deps install_data
[0.620s] running develop
[0.708s] running egg_info
[0.709s] writing my_robot_controller.egg-info/PKG-INFO
[0.709s] writing dependency_links to my_robot_controller.egg-info/dependency_links.txt
[0.709s] writing entry points to my_robot_controller.egg-info/entry_points.txt
[0.709s] writing requirements to my_robot_controller.egg-info/requires.txt
[0.709s] writing top-level names to my_robot_controller.egg-info/top_level.txt
[0.710s] reading manifest file 'my_robot_controller.egg-info/SOURCES.txt'
[0.711s] writing manifest file 'my_robot_controller.egg-info/SOURCES.txt'
[0.713s] running build_ext
[0.713s] Creating /home/sarthak/Documents/ros2_ws/install/my_robot_controller/lib/python3.10/site-packages/my-robot-controller.egg-link (link to .)
[0.713s] Installing draw_circle script to /home/sarthak/Documents/ros2_ws/install/my_robot_controller/lib/my_robot_controller
[0.714s] Installing my_first_node script to /home/sarthak/Documents/ros2_ws/install/my_robot_controller/lib/my_robot_controller
[0.714s] Installing pose_subcriber script to /home/sarthak/Documents/ros2_ws/install/my_robot_controller/lib/my_robot_controller
[0.714s] Installing turtel_controller script to /home/sarthak/Documents/ros2_ws/install/my_robot_controller/lib/my_robot_controller
[0.714s] 
[0.714s] Installed /home/sarthak/Documents/ros2_ws/build/my_robot_controller
[0.714s] running install_data
[0.737s] Invoked command in '/home/sarthak/Documents/ros2_ws/build/my_robot_controller' returned '0': PYTHONPATH=/home/sarthak/Documents/ros2_ws/build/my_robot_controller/prefix_override:/home/sarthak/Documents/ros2_ws/install/my_robot_controller/lib/python3.10/site-packages:${PYTHONPATH} /usr/bin/python3 setup.py develop --editable --build-directory /home/sarthak/Documents/ros2_ws/build/my_robot_controller/build --no-deps install_data
