[0.509s] Invoking command in '/home/sarthak/Documents/ros2_ws/src/my_robot_controller': PYTHONPATH=/home/sarthak/Documents/ros2_ws/build/my_robot_controller/prefix_override:/home/sarthak/Documents/ros2_ws/install/my_robot_controller/lib/python3.10/site-packages:${PYTHONPATH} /usr/bin/python3 setup.py egg_info --egg-base ../../build/my_robot_controller build --build-base /home/sarthak/Documents/ros2_ws/build/my_robot_controller/build install --record /home/sarthak/Documents/ros2_ws/build/my_robot_controller/install.log --single-version-externally-managed
[0.665s] running egg_info
[0.666s] writing ../../build/my_robot_controller/my_robot_controller.egg-info/PKG-INFO
[0.666s] writing dependency_links to ../../build/my_robot_controller/my_robot_controller.egg-info/dependency_links.txt
[0.666s] writing entry points to ../../build/my_robot_controller/my_robot_controller.egg-info/entry_points.txt
[0.667s] writing requirements to ../../build/my_robot_controller/my_robot_controller.egg-info/requires.txt
[0.667s] writing top-level names to ../../build/my_robot_controller/my_robot_controller.egg-info/top_level.txt
[0.671s] reading manifest file '../../build/my_robot_controller/my_robot_controller.egg-info/SOURCES.txt'
[0.671s] writing manifest file '../../build/my_robot_controller/my_robot_controller.egg-info/SOURCES.txt'
[0.671s] running build
[0.671s] running build_py
[0.671s] copying my_robot_controller/drawCircle.py -> /home/sarthak/Documents/ros2_ws/build/my_robot_controller/build/lib/my_robot_controller
[0.671s] copying my_robot_controller/pose_subcribe.py -> /home/sarthak/Documents/ros2_ws/build/my_robot_controller/build/lib/my_robot_controller
[0.672s] running install
[0.672s] running install_lib
[0.672s] copying /home/sarthak/Documents/ros2_ws/build/my_robot_controller/build/lib/my_robot_controller/drawCircle.py -> /home/sarthak/Documents/ros2_ws/install/my_robot_controller/lib/python3.10/site-packages/my_robot_controller
[0.672s] copying /home/sarthak/Documents/ros2_ws/build/my_robot_controller/build/lib/my_robot_controller/pose_subcribe.py -> /home/sarthak/Documents/ros2_ws/install/my_robot_controller/lib/python3.10/site-packages/my_robot_controller
[0.672s] byte-compiling /home/sarthak/Documents/ros2_ws/install/my_robot_controller/lib/python3.10/site-packages/my_robot_controller/drawCircle.py to drawCircle.cpython-310.pyc
[0.672s] byte-compiling /home/sarthak/Documents/ros2_ws/install/my_robot_controller/lib/python3.10/site-packages/my_robot_controller/pose_subcribe.py to pose_subcribe.cpython-310.pyc
[0.672s] running install_data
[0.672s] running install_egg_info
[0.673s] removing '/home/sarthak/Documents/ros2_ws/install/my_robot_controller/lib/python3.10/site-packages/my_robot_controller-0.0.0-py3.10.egg-info' (and everything under it)
[0.673s] Copying ../../build/my_robot_controller/my_robot_controller.egg-info to /home/sarthak/Documents/ros2_ws/install/my_robot_controller/lib/python3.10/site-packages/my_robot_controller-0.0.0-py3.10.egg-info
[0.674s] running install_scripts
[0.686s] Installing draw_circle script to /home/sarthak/Documents/ros2_ws/install/my_robot_controller/lib/my_robot_controller
[0.686s] Installing my_first_node script to /home/sarthak/Documents/ros2_ws/install/my_robot_controller/lib/my_robot_controller
[0.686s] Installing pose_subcriber script to /home/sarthak/Documents/ros2_ws/install/my_robot_controller/lib/my_robot_controller
[0.687s] writing list of installed files to '/home/sarthak/Documents/ros2_ws/build/my_robot_controller/install.log'
[0.701s] Invoked command in '/home/sarthak/Documents/ros2_ws/src/my_robot_controller' returned '0': PYTHONPATH=/home/sarthak/Documents/ros2_ws/build/my_robot_controller/prefix_override:/home/sarthak/Documents/ros2_ws/install/my_robot_controller/lib/python3.10/site-packages:${PYTHONPATH} /usr/bin/python3 setup.py egg_info --egg-base ../../build/my_robot_controller build --build-base /home/sarthak/Documents/ros2_ws/build/my_robot_controller/build install --record /home/sarthak/Documents/ros2_ws/build/my_robot_controller/install.log --single-version-externally-managed
